<?xml version="1.0" encoding="UTF-8"?>
<!-- Generated by org.testng.reporters.JUnitReportReporter -->
<testsuite hostname="DESKTOP-UE7RBIH" failures="0" tests="1" name="rest_testing.assretvalidation" time="2.904" errors="0" timestamp="14 Nov 2022 07:22:01 GMT">
  <testcase classname="rest_testing.assretvalidation" name="get_tc1" time="2.904"/>
</testsuite> <!-- rest_testing.assretvalidation -->
