<?xml version="1.0" encoding="UTF-8"?>
<!-- Generated by org.testng.reporters.JUnitReportReporter -->
<testsuite hostname="DESKTOP-UE7RBIH" failures="0" tests="1" name="rest_testing.trellotest" time="3.832" errors="0" timestamp="15 Nov 2022 07:22:59 GMT">
  <testcase classname="rest_testing.trellotest" name="tc3" time="3.832"/>
</testsuite> <!-- rest_testing.trellotest -->
