<?xml version="1.0" encoding="UTF-8"?>
<!-- Generated by org.testng.reporters.JUnitReportReporter -->
<testsuite hostname="DESKTOP-UE7RBIH" failures="0" tests="1" name="rest_testing.testID" time="5.050" errors="0" timestamp="16 Nov 2022 04:53:29 GMT">
  <testcase classname="rest_testing.testID" name="createBoard" time="5.050"/>
</testsuite> <!-- rest_testing.testID -->
