<?xml version="1.0" encoding="UTF-8"?>
<!-- Generated by org.testng.reporters.JUnitReportReporter -->
<testsuite hostname="DESKTOP-UE7RBIH" failures="0" tests="1" name="rest_testing.listusers_testassured" time="4.102" errors="0" timestamp="14 Nov 2022 07:49:50 GMT">
  <testcase classname="rest_testing.listusers_testassured" name="get_tc2" time="4.102"/>
</testsuite> <!-- rest_testing.listusers_testassured -->
