<?xml version="1.0" encoding="UTF-8"?>
<!-- Generated by org.testng.reporters.JUnitReportReporter -->
<testsuite hostname="DESKTOP-UE7RBIH" failures="0" tests="2" name="rest_testing.googlemaps" time="5.485" errors="0" timestamp="15 Nov 2022 05:05:46 GMT">
  <testcase classname="rest_testing.googlemaps" name="delete" time="0.259"/>
  <testcase classname="rest_testing.googlemaps" name="add" time="5.226"/>
</testsuite> <!-- rest_testing.googlemaps -->
